Build started 3/18/2015 3:57:50 PM.
     1>Project "C:\Users\mikez_000\Documents\GitHub\SerenBooksAlpha\SerendepityBooks\SerendepityBooks\SerendepityBooks.vcxproj" on node 2 (Build target(s)).
     1>ClCompile:
         C:\Program Files (x86)\Microsoft Visual Studio 12.0\VC\bin\CL.exe /c /ZI /nologo /W3 /WX- /Od /Oy- /D WIN32 /D _DEBUG /D _CONSOLE /D _LIB /D _UNICODE /D UNICODE /Gm /EHsc /RTC1 /MDd /GS /fp:precise /Zc:wchar_t /Zc:forScope /Fo"Debug\\" /Fd"Debug\vc120.pdb" /Gd /TP /analyze- /errorReport:prompt CashierModule.cpp
         CashierModule.cpp
     1>c:\users\mikez_000\documents\github\serenbooksalpha\serendepitybooks\serendepitybooks\date.h(10): warning C4800: 'int' : forcing value to bool 'true' or 'false' (performance warning)
     1>c:\users\mikez_000\documents\github\serenbooksalpha\serendepitybooks\serendepitybooks\date.h(11): warning C4800: 'int' : forcing value to bool 'true' or 'false' (performance warning)
     1>c:\users\mikez_000\documents\github\serenbooksalpha\serendepitybooks\serendepitybooks\date.h(56): warning C4800: 'int' : forcing value to bool 'true' or 'false' (performance warning)
     1>c:\users\mikez_000\documents\github\serenbooksalpha\serendepitybooks\serendepitybooks\date.h(66): warning C4800: 'int' : forcing value to bool 'true' or 'false' (performance warning)
     1>c:\users\mikez_000\documents\github\serenbooksalpha\serendepitybooks\serendepitybooks\date.h(76): warning C4800: 'int' : forcing value to bool 'true' or 'false' (performance warning)
       Link:
         C:\Program Files (x86)\Microsoft Visual Studio 12.0\VC\bin\link.exe /ERRORREPORT:PROMPT /OUT:"C:\Users\mikez_000\Documents\GitHub\SerenBooksAlpha\SerendepityBooks\Debug\SerendepityBooks.exe" /INCREMENTAL /NOLOGO kernel32.lib user32.lib gdi32.lib winspool.lib comdlg32.lib advapi32.lib shell32.lib ole32.lib oleaut32.lib uuid.lib odbc32.lib odbccp32.lib /MANIFEST /MANIFESTUAC:"level='asInvoker' uiAccess='false'" /manifest:embed /DEBUG /PDB:"C:\Users\mikez_000\Documents\GitHub\SerenBooksAlpha\SerendepityBooks\Debug\SerendepityBooks.pdb" /SUBSYSTEM:CONSOLE /TLBID:1 /DYNAMICBASE /NXCOMPAT /IMPLIB:"C:\Users\mikez_000\Documents\GitHub\SerenBooksAlpha\SerendepityBooks\Debug\SerendepityBooks.lib" /MACHINE:X86 Debug\CashierFunctions.obj
         Debug\CashierModule.obj
         Debug\DatabaseModule.obj
         Debug\Date.obj
         Debug\Main.obj
     1>CashierModule.obj : error LNK2005: "class DatabaseModule DBchild" (?DBchild@@3VDatabaseModule@@A) already defined in CashierFunctions.obj
     1>Main.obj : error LNK2005: "class DatabaseModule DBchild" (?DBchild@@3VDatabaseModule@@A) already defined in CashierFunctions.obj
     1>C:\Users\mikez_000\Documents\GitHub\SerenBooksAlpha\SerendepityBooks\Debug\SerendepityBooks.exe : fatal error LNK1169: one or more multiply defined symbols found
     1>Done Building Project "C:\Users\mikez_000\Documents\GitHub\SerenBooksAlpha\SerendepityBooks\SerendepityBooks\SerendepityBooks.vcxproj" (Build target(s)) -- FAILED.

Build FAILED.

Time Elapsed 00:00:00.62
